c:\users\b409-\documents\github\oop2\screen\screen\debug\vc141.pdb
c:\users\b409-\documents\github\oop2\screen\screen\debug\vc141.idb
c:\users\b409-\documents\github\oop2\screen\screen\debug\main.obj
d:\workingspace\oop\screen\screen\debug\vc141.pdb
d:\workingspace\oop\screen\screen\debug\vc141.idb
d:\workingspace\oop\screen\screen\debug\screen.obj
d:\workingspace\oop\screen\screen\debug\player.obj
d:\workingspace\oop\screen\screen\debug\main.obj
d:\workingspace\oop\screen\screen\debug\gameobject.obj
d:\workingspace\oop\screen\screen\debug\enemy.obj
d:\workingspace\oop\screen\screen\debug\bullet.obj
c:\users\b409-\documents\github\oop2\screen\debug\screen.exe
c:\users\b409-\documents\github\oop2\screen\debug\screen.ilk
c:\users\b409-\documents\github\oop2\screen\debug\screen.pdb
d:\workingspace\oop\screen\debug\screen.ilk
d:\workingspace\oop\screen\debug\screen.exe
d:\workingspace\oop\screen\debug\screen.pdb
d:\workingspace\oop\screen\screen\debug\screen.tlog\cl.command.1.tlog
d:\workingspace\oop\screen\screen\debug\screen.tlog\cl.read.1.tlog
d:\workingspace\oop\screen\screen\debug\screen.tlog\cl.write.1.tlog
d:\workingspace\oop\screen\screen\debug\screen.tlog\link.command.1.tlog
d:\workingspace\oop\screen\screen\debug\screen.tlog\link.read.1.tlog
d:\workingspace\oop\screen\screen\debug\screen.tlog\link.write.1.tlog
